# JRE version: OpenJDK Runtime Environment (11.0.15) (build 11.0.15+0-b2043.56-9505619)
# Java VM: OpenJDK 64-Bit Server VM (11.0.15+0-b2043.56-9505619, mixed mode, tiered, compressed oops, g1 gc, windows-amd64)
Heap:
 garbage-first heap   total 122880K, used 72266K [0x0000000080000000, 0x0000000100000000)
  region size 1024K, 19 young (19456K), 6 survivors (6144K)
 Metaspace       used 76780K, capacity 78553K, committed 78800K, reserved 1118208K
  class space    used 9932K, capacity 10618K, committed 10624K, reserved 1048576K
GC Heap History (20 events):
Event: 6.634 GC heap before
{Heap before GC invocations=9 (full 0):
 garbage-first heap   total 122880K, used 73031K [0x0000000080000000, 0x0000000100000000)
  region size 1024K, 53 young (54272K), 6 survivors (6144K)
 Metaspace       used 40584K, capacity 41559K, committed 41776K, reserved 1085440K
  class space    used 5108K, capacity 5480K, committed 5504K, reserved 1048576K
}
Event: 6.640 GC heap after
{Heap after GC invocations=10 (full 0):
 garbage-first heap   total 122880K, used 27096K [0x0000000080000000, 0x0000000100000000)
  region size 1024K, 7 young (7168K), 7 survivors (7168K)
 Metaspace       used 40584K, capacity 41559K, committed 41776K, reserved 1085440K
  class space    used 5108K, capacity 5480K, committed 5504K, reserved 1048576K
}
Event: 7.579 GC heap before
{Heap before GC invocations=10 (full 0):
 garbage-first heap   total 122880K, used 76248K [0x0000000080000000, 0x0000000100000000)
  region size 1024K, 55 young (56320K), 7 survivors (7168K)
 Metaspace       used 43805K, capacity 44879K, committed 45104K, reserved 1089536K
  class space    used 5607K, capacity 6000K, committed 6016K, reserved 1048576K
}
Event: 7.583 GC heap after
{Heap after GC invocations=11 (full 0):
 garbage-first heap   total 122880K, used 30685K [0x0000000080000000, 0x0000000100000000)
  region size 1024K, 4 young (4096K), 4 survivors (4096K)
 Metaspace       used 43805K, capacity 44879K, committed 45104K, reserved 1089536K
  class space    used 5607K, capacity 6000K, committed 6016K, reserved 1048576K
}
Event: 8.054 GC heap before
{Heap before GC invocations=11 (full 0):
 garbage-first heap   total 122880K, used 79837K [0x0000000080000000, 0x0000000100000000)
  region size 1024K, 52 young (53248K), 4 survivors (4096K)
 Metaspace       used 48019K, capacity 49186K, committed 49328K, reserved 1091584K
  class space    used 6112K, capacity 6580K, committed 6656K, reserved 1048576K
}
Event: 8.057 GC heap after
{Heap after GC invocations=12 (full 0):
 garbage-first heap   total 122880K, used 31785K [0x0000000080000000, 0x0000000100000000)
  region size 1024K, 5 young (5120K), 5 survivors (5120K)
 Metaspace       used 48019K, capacity 49186K, committed 49328K, reserved 1091584K
  class space    used 6112K, capacity 6580K, committed 6656K, reserved 1048576K
}
Event: 9.147 GC heap before
{Heap before GC invocations=12 (full 0):
 garbage-first heap   total 122880K, used 81961K [0x0000000080000000, 0x0000000100000000)
  region size 1024K, 55 young (56320K), 5 survivors (5120K)
 Metaspace       used 55670K, capacity 56959K, committed 57136K, reserved 1099776K
  class space    used 7016K, capacity 7498K, committed 7552K, reserved 1048576K
}
Event: 9.151 GC heap after
{Heap after GC invocations=13 (full 0):
 garbage-first heap   total 122880K, used 36010K [0x0000000080000000, 0x0000000100000000)
  region size 1024K, 6 young (6144K), 6 survivors (6144K)
 Metaspace       used 55670K, capacity 56959K, committed 57136K, reserved 1099776K
  class space    used 7016K, capacity 7498K, committed 7552K, reserved 1048576K
}
Event: 9.980 GC heap before
{Heap before GC invocations=13 (full 0):
 garbage-first heap   total 122880K, used 88234K [0x0000000080000000, 0x0000000100000000)
  region size 1024K, 56 young (57344K), 6 survivors (6144K)
 Metaspace       used 58758K, capacity 60136K, committed 60240K, reserved 1101824K
  class space    used 7392K, capacity 7927K, committed 7936K, reserved 1048576K
}
Event: 9.987 GC heap after
{Heap after GC invocations=14 (full 0):
 garbage-first heap   total 122880K, used 45357K [0x0000000080000000, 0x0000000100000000)
  region size 1024K, 7 young (7168K), 7 survivors (7168K)
 Metaspace       used 58758K, capacity 60136K, committed 60240K, reserved 1101824K
  class space    used 7392K, capacity 7927K, committed 7936K, reserved 1048576K
}
Event: 10.679 GC heap before
{Heap before GC invocations=15 (full 0):
 garbage-first heap   total 122880K, used 90413K [0x0000000080000000, 0x0000000100000000)
  region size 1024K, 51 young (52224K), 7 survivors (7168K)
 Metaspace       used 64863K, capacity 66500K, committed 66640K, reserved 1107968K
  class space    used 8185K, capacity 8875K, committed 8960K, reserved 1048576K
}
Event: 10.683 GC heap after
{Heap after GC invocations=16 (full 0):
 garbage-first heap   total 122880K, used 47805K [0x0000000080000000, 0x0000000100000000)
  region size 1024K, 3 young (3072K), 3 survivors (3072K)
 Metaspace       used 64863K, capacity 66500K, committed 66640K, reserved 1107968K
  class space    used 8185K, capacity 8875K, committed 8960K, reserved 1048576K
}
Event: 11.152 GC heap before
{Heap before GC invocations=16 (full 0):
 garbage-first heap   total 122880K, used 100029K [0x0000000080000000, 0x0000000100000000)
  region size 1024K, 47 young (48128K), 3 survivors (3072K)
 Metaspace       used 67883K, capacity 69537K, committed 69712K, reserved 1110016K
  class space    used 8564K, capacity 9215K, committed 9216K, reserved 1048576K
}
Event: 11.155 GC heap after
{Heap after GC invocations=17 (full 0):
 garbage-first heap   total 122880K, used 51805K [0x0000000080000000, 0x0000000100000000)
  region size 1024K, 6 young (6144K), 6 survivors (6144K)
 Metaspace       used 67883K, capacity 69537K, committed 69712K, reserved 1110016K
  class space    used 8564K, capacity 9215K, committed 9216K, reserved 1048576K
}
Event: 11.639 GC heap before
{Heap before GC invocations=17 (full 0):
 garbage-first heap   total 122880K, used 94813K [0x0000000080000000, 0x0000000100000000)
  region size 1024K, 48 young (49152K), 6 survivors (6144K)
 Metaspace       used 70520K, capacity 72191K, committed 72400K, reserved 1112064K
  class space    used 8921K, capacity 9553K, committed 9600K, reserved 1048576K
}
Event: 11.643 GC heap after
{Heap after GC invocations=18 (full 0):
 garbage-first heap   total 122880K, used 55134K [0x0000000080000000, 0x0000000100000000)
  region size 1024K, 4 young (4096K), 4 survivors (4096K)
 Metaspace       used 70520K, capacity 72191K, committed 72400K, reserved 1112064K
  class space    used 8921K, capacity 9553K, committed 9600K, reserved 1048576K
}
Event: 11.870 GC heap before
{Heap before GC invocations=18 (full 0):
 garbage-first heap   total 122880K, used 96094K [0x0000000080000000, 0x0000000100000000)
  region size 1024K, 44 young (45056K), 4 survivors (4096K)
 Metaspace       used 70783K, capacity 72461K, committed 72784K, reserved 1112064K
  class space    used 8952K, capacity 9622K, committed 9728K, reserved 1048576K
}
Event: 11.874 GC heap after
{Heap after GC invocations=19 (full 0):
 garbage-first heap   total 122880K, used 57596K [0x0000000080000000, 0x0000000100000000)
  region size 1024K, 6 young (6144K), 6 survivors (6144K)
 Metaspace       used 70783K, capacity 72461K, committed 72784K, reserved 1112064K
  class space    used 8952K, capacity 9622K, committed 9728K, reserved 1048576K
}
Event: 12.554 GC heap before
{Heap before GC invocations=19 (full 0):
 garbage-first heap   total 122880K, used 97532K [0x0000000080000000, 0x0000000100000000)
  region size 1024K, 45 young (46080K), 6 survivors (6144K)
 Metaspace       used 75683K, capacity 77477K, committed 77648K, reserved 1116160K
  class space    used 9794K, capacity 10480K, committed 10496K, reserved 1048576K
}
Event: 12.558 GC heap after
{Heap after GC invocations=20 (full 0):
 garbage-first heap   total 122880K, used 59978K [0x0000000080000000, 0x0000000100000000)
  region size 1024K, 6 young (6144K), 6 survivors (6144K)
 Metaspace       used 75683K, capacity 77477K, committed 77648K, reserved 1116160K
  class space    used 9794K, capacity 10480K, committed 10496K, reserved 1048576K
}

