# JRE version: OpenJDK Runtime Environment (11.0.15) (build 11.0.15+0-b2043.56-9505619)
# Java VM: OpenJDK 64-Bit Server VM (11.0.15+0-b2043.56-9505619, mixed mode, tiered, compressed oops, g1 gc, windows-amd64)
Heap:
 garbage-first heap   total 212992K, used 159829K [0x0000000080000000, 0x0000000100000000)
  region size 1024K, 42 young (43008K), 1 survivors (1024K)
 Metaspace       used 129114K, capacity 135071K, committed 135216K, reserved 1165312K
  class space    used 17415K, capacity 19826K, committed 19840K, reserved 1048576K
GC Heap History (20 events):
Event: 14.802 GC heap before
{Heap before GC invocations=36 (full 0):
 garbage-first heap   total 177152K, used 123261K [0x0000000080000000, 0x0000000100000000)
  region size 1024K, 35 young (35840K), 3 survivors (3072K)
 Metaspace       used 97112K, capacity 99652K, committed 100400K, reserved 1136640K
  class space    used 12471K, capacity 13463K, committed 13696K, reserved 1048576K
}
Event: 14.806 GC heap after
{Heap after GC invocations=37 (full 0):
 garbage-first heap   total 177152K, used 92789K [0x0000000080000000, 0x0000000100000000)
  region size 1024K, 4 young (4096K), 4 survivors (4096K)
 Metaspace       used 97112K, capacity 99652K, committed 100400K, reserved 1136640K
  class space    used 12471K, capacity 13463K, committed 13696K, reserved 1048576K
}
Event: 14.864 GC heap before
{Heap before GC invocations=37 (full 0):
 garbage-first heap   total 177152K, used 96885K [0x0000000080000000, 0x0000000100000000)
  region size 1024K, 8 young (8192K), 4 survivors (4096K)
 Metaspace       used 97418K, capacity 100004K, committed 100784K, reserved 1136640K
  class space    used 12509K, capacity 13495K, committed 13824K, reserved 1048576K
}
Event: 14.868 GC heap after
{Heap after GC invocations=38 (full 0):
 garbage-first heap   total 177152K, used 90582K [0x0000000080000000, 0x0000000100000000)
  region size 1024K, 1 young (1024K), 1 survivors (1024K)
 Metaspace       used 97418K, capacity 100004K, committed 100784K, reserved 1136640K
  class space    used 12509K, capacity 13495K, committed 13824K, reserved 1048576K
}
Event: 17.317 GC heap before
{Heap before GC invocations=38 (full 0):
 garbage-first heap   total 177152K, used 129494K [0x0000000080000000, 0x0000000100000000)
  region size 1024K, 40 young (40960K), 1 survivors (1024K)
 Metaspace       used 100395K, capacity 102995K, committed 103728K, reserved 1138688K
  class space    used 12863K, capacity 13895K, committed 14208K, reserved 1048576K
}
Event: 17.321 GC heap after
{Heap after GC invocations=39 (full 0):
 garbage-first heap   total 212992K, used 93430K [0x0000000080000000, 0x0000000100000000)
  region size 1024K, 4 young (4096K), 4 survivors (4096K)
 Metaspace       used 100395K, capacity 102995K, committed 103728K, reserved 1138688K
  class space    used 12863K, capacity 13895K, committed 14208K, reserved 1048576K
}
Event: 17.769 GC heap before
{Heap before GC invocations=40 (full 0):
 garbage-first heap   total 212992K, used 151798K [0x0000000080000000, 0x0000000100000000)
  region size 1024K, 62 young (63488K), 4 survivors (4096K)
 Metaspace       used 101460K, capacity 104135K, committed 104752K, reserved 1140736K
  class space    used 12979K, capacity 14019K, committed 14208K, reserved 1048576K
}
Event: 17.773 GC heap after
{Heap after GC invocations=41 (full 0):
 garbage-first heap   total 212992K, used 95645K [0x0000000080000000, 0x0000000100000000)
  region size 1024K, 6 young (6144K), 6 survivors (6144K)
 Metaspace       used 101460K, capacity 104135K, committed 104752K, reserved 1140736K
  class space    used 12979K, capacity 14019K, committed 14208K, reserved 1048576K
}
Event: 19.040 GC heap before
{Heap before GC invocations=41 (full 0):
 garbage-first heap   total 212992K, used 159133K [0x0000000080000000, 0x0000000100000000)
  region size 1024K, 67 young (68608K), 6 survivors (6144K)
 Metaspace       used 108498K, capacity 111394K, committed 111792K, reserved 1146880K
  class space    used 13842K, capacity 14946K, committed 15104K, reserved 1048576K
}
Event: 19.048 GC heap after
{Heap after GC invocations=42 (full 0):
 garbage-first heap   total 212992K, used 106623K [0x0000000080000000, 0x0000000100000000)
  region size 1024K, 9 young (9216K), 9 survivors (9216K)
 Metaspace       used 108498K, capacity 111394K, committed 111792K, reserved 1146880K
  class space    used 13842K, capacity 14946K, committed 15104K, reserved 1048576K
}
Event: 19.347 GC heap before
{Heap before GC invocations=42 (full 0):
 garbage-first heap   total 212992K, used 130175K [0x0000000080000000, 0x0000000100000000)
  region size 1024K, 34 young (34816K), 9 survivors (9216K)
 Metaspace       used 110056K, capacity 112963K, committed 113072K, reserved 1146880K
  class space    used 13999K, capacity 15104K, committed 15104K, reserved 1048576K
}
Event: 19.356 GC heap after
{Heap after GC invocations=43 (full 0):
 garbage-first heap   total 212992K, used 108107K [0x0000000080000000, 0x0000000100000000)
  region size 1024K, 3 young (3072K), 3 survivors (3072K)
 Metaspace       used 110056K, capacity 112963K, committed 113072K, reserved 1146880K
  class space    used 13999K, capacity 15104K, committed 15104K, reserved 1048576K
}
Event: 19.936 GC heap before
{Heap before GC invocations=44 (full 0):
 garbage-first heap   total 212992K, used 155211K [0x0000000080000000, 0x0000000100000000)
  region size 1024K, 48 young (49152K), 3 survivors (3072K)
 Metaspace       used 115156K, capacity 118650K, committed 118832K, reserved 1153024K
  class space    used 14799K, capacity 16143K, committed 16256K, reserved 1048576K
}
Event: 19.944 GC heap after
{Heap after GC invocations=45 (full 0):
 garbage-first heap   total 212992K, used 115619K [0x0000000080000000, 0x0000000100000000)
  region size 1024K, 6 young (6144K), 6 survivors (6144K)
 Metaspace       used 115156K, capacity 118650K, committed 118832K, reserved 1153024K
  class space    used 14799K, capacity 16143K, committed 16256K, reserved 1048576K
}
Event: 20.504 GC heap before
{Heap before GC invocations=45 (full 0):
 garbage-first heap   total 212992K, used 158627K [0x0000000080000000, 0x0000000100000000)
  region size 1024K, 49 young (50176K), 6 survivors (6144K)
 Metaspace       used 122827K, capacity 127707K, committed 127792K, reserved 1159168K
  class space    used 16322K, capacity 18304K, committed 18304K, reserved 1048576K
}
Event: 20.526 GC heap after
{Heap after GC invocations=46 (full 0):
 garbage-first heap   total 212992K, used 120508K [0x0000000080000000, 0x0000000100000000)
  region size 1024K, 5 young (5120K), 5 survivors (5120K)
 Metaspace       used 122827K, capacity 127707K, committed 127792K, reserved 1159168K
  class space    used 16322K, capacity 18304K, committed 18304K, reserved 1048576K
}
Event: 20.829 GC heap before
{Heap before GC invocations=47 (full 0):
 garbage-first heap   total 212992K, used 162492K [0x0000000080000000, 0x0000000100000000)
  region size 1024K, 47 young (48128K), 5 survivors (5120K)
 Metaspace       used 125988K, capacity 131572K, committed 131760K, reserved 1161216K
  class space    used 16879K, capacity 19151K, committed 19200K, reserved 1048576K
}
Event: 20.839 GC heap after
{Heap after GC invocations=48 (full 0):
 garbage-first heap   total 212992K, used 124366K [0x0000000080000000, 0x0000000100000000)
  region size 1024K, 6 young (6144K), 6 survivors (6144K)
 Metaspace       used 125988K, capacity 131572K, committed 131760K, reserved 1161216K
  class space    used 16879K, capacity 19151K, committed 19200K, reserved 1048576K
}
Event: 20.869 GC heap before
{Heap before GC invocations=48 (full 0):
 garbage-first heap   total 212992K, used 129486K [0x0000000080000000, 0x0000000100000000)
  region size 1024K, 10 young (10240K), 6 survivors (6144K)
 Metaspace       used 126462K, capacity 132255K, committed 132528K, reserved 1163264K
  class space    used 16980K, capacity 19335K, committed 19456K, reserved 1048576K
}
Event: 20.908 GC heap after
{Heap after GC invocations=49 (full 0):
 garbage-first heap   total 212992K, used 118869K [0x0000000080000000, 0x0000000100000000)
  region size 1024K, 1 young (1024K), 1 survivors (1024K)
 Metaspace       used 126462K, capacity 132255K, committed 132528K, reserved 1163264K
  class space    used 16980K, capacity 19335K, committed 19456K, reserved 1048576K
}

